<?xml version="1.0" encoding="UTF-8"?>
<testsuite xmlns:xsi="http://www.w3.org/2001/XMLSchema-instance" xsi:noNamespaceSchemaLocation="https://maven.apache.org/surefire/maven-surefire-plugin/xsd/surefire-test-report.xsd" name="com.guru99.runners.TestRunner" time="28.708" tests="1" errors="1" skipped="0" failures="0">
  <properties>
[...]
</properties>
  <testcase name="verifying user can successfully login with valid user name and password" classname="user credentials" time="25.019">
    <error message="com.guru99.pages.HomePage.clickOnLoginButton()Lcom/guru99/pages/ManagerHomePage;" type="java.lang.NoSuchMethodError">java.lang.NoSuchMethodError: com.guru99.pages.HomePage.clickOnLoginButton()Lcom/guru99/pages/ManagerHomePage;
</error>
    <system-out><![CDATA[Feature: user credentials
  as a customer
  i want the ability to successfully login into guru99 website

  Scenario: verifying user can successfully login with valid user name and password &amp#27;[90m# src/test/java/com/guru99/features/logFunctionality.feature:6&amp#27;[0m
    &amp#27;[32mGiven &amp#27;[0m&amp#27;[32mi navigate to guru&amp#27;[0m&amp#27;[32m&amp#27;[1m99&amp#27;[0m&amp#27;[32m webPage&amp#27;[0m                                              &amp#27;[90m# logFunctionalitySteps.i_navigate_to_guru_webPage(Integer)&amp#27;[0m
    &amp#27;[32mWhen &amp#27;[0m&amp#27;[32menter vaild user name&amp#27;[0m                                                      &amp#27;[90m# logFunctionalitySteps.enter_vaild_user_name()&amp#27;[0m
    &amp#27;[32mAnd &amp#27;[0m&amp#27;[32menter valid password&amp#27;[0m                                                        &amp#27;[90m# logFunctionalitySteps.enter_valid_password()&amp#27;[0m
    &amp#27;[31mAnd &amp#27;[0m&amp#27;[31mclick on login button&amp#27;[0m                                                       &amp#27;[90m# logFunctionalitySteps.click_on_login_button()&amp#27;[0m
      &amp#27;[31mjava.lang.NoSuchMethodError: com.guru99.pages.HomePage.clickOnLoginButton()Lcom/guru99/pages/ManagerHomePage;
	at com.guru99.stepDefinitions.logFunctionalitySteps.click_on_login_button(logFunctionalitySteps.java:38)
	at ✽.click on login button(file:src/test/java/com/guru99/features/logFunctionality.feature:11)
&amp#27;[0m
    &amp#27;[36mThen &amp#27;[0m&amp#27;[36muser is logged in&amp#27;[0m                                                          &amp#27;[90m# logFunctionalitySteps.user_is_logged_in()&amp#27;[0m
]]></system-out>
    <system-err><![CDATA[SLF4J: Failed to load class "org.slf4j.impl.StaticLoggerBinder".
SLF4J: Defaulting to no-operation (NOP) logger implementation
SLF4J: See http://www.slf4j.org/codes.html#StaticLoggerBinder for further details.
Starting ChromeDriver 81.0.4044.138 (8c6c7ba89cc9453625af54f11fd83179e23450fa-refs/branch-heads/4044@{#999}) on port 23040
Only local connections are allowed.
Please protect ports used by ChromeDriver and related test frameworks to prevent access by malicious code.
May 21, 2020 5:04:20 PM org.openqa.selenium.remote.ProtocolHandshake createSession
INFO: Detected dialect: W3C
[1590077066.620][SEVERE]: Timed out receiving message from renderer: 0.100
]]></system-err>
  </testcase>
</testsuite>